<?xml version="1.0" encoding="UTF-8"?>
<testsuite xmlns:xsi="http://www.w3.org/2001/XMLSchema-instance" xsi:noNamespaceSchemaLocation="https://maven.apache.org/surefire/maven-surefire-plugin/xsd/surefire-test-report-3.0.xsd" version="3.0" name="GridTest" time="0.122" tests="9" errors="0" skipped="0" failures="0">
  <properties>
[...]
</properties>
  <testcase name="geracaoDoGridTest" classname="GridTest" time="0.066"/>
  <testcase name="casa9VaziaTest" classname="GridTest" time="0.002"/>
  <testcase name="gerarCerquilha159XTest" classname="GridTest" time="0.002"/>
  <testcase name="jogada5XTest" classname="GridTest" time="0.002"/>
  <testcase name="jogada9OTest" classname="GridTest" time="0.002"/>
  <testcase name="casa3OcupadaXTest" classname="GridTest" time="0.001"/>
  <testcase name="gerarCerquilha123X76OTest" classname="GridTest" time="0.002"/>
  <testcase name="casa1OcupadaOTest" classname="GridTest" time="0.002"/>
  <testcase name="gerarCerquilha123XTest" classname="GridTest" time="0.002"/>
</testsuite>